<?xml version="1.0" encoding="UTF-8"?>
<testsuite xmlns:xsi="http://www.w3.org/2001/XMLSchema-instance" xsi:noNamespaceSchemaLocation="https://maven.apache.org/surefire/maven-surefire-plugin/xsd/surefire-test-report.xsd" name="com.amazonaws.serverless.apprepo.api.impl.ApplicationsServiceTest" time="2.699" tests="14" errors="0" skipped="0" failures="0">
  <properties>
[...]
</properties>
  <testcase name="updateApplication_author" classname="com.amazonaws.serverless.apprepo.api.impl.ApplicationsServiceTest" time="1.998"/>
  <testcase name="createApplication" classname="com.amazonaws.serverless.apprepo.api.impl.ApplicationsServiceTest" time="0.074"/>
  <testcase name="listApplications_maxItems" classname="com.amazonaws.serverless.apprepo.api.impl.ApplicationsServiceTest" time="0.073"/>
  <testcase name="updateApplication_homePageUrl" classname="com.amazonaws.serverless.apprepo.api.impl.ApplicationsServiceTest" time="0.052"/>
  <testcase name="getApplication_empty_notFound" classname="com.amazonaws.serverless.apprepo.api.impl.ApplicationsServiceTest" time="0.106"/>
  <testcase name="getApplication_null_notFound" classname="com.amazonaws.serverless.apprepo.api.impl.ApplicationsServiceTest" time="0.04"/>
  <testcase name="listApplications_nextToken_exception" classname="com.amazonaws.serverless.apprepo.api.impl.ApplicationsServiceTest" time="0.042"/>
  <testcase name="updateApplication_noUpdate" classname="com.amazonaws.serverless.apprepo.api.impl.ApplicationsServiceTest" time="0.037"/>
  <testcase name="listApplications_nextToken" classname="com.amazonaws.serverless.apprepo.api.impl.ApplicationsServiceTest" time="0.051"/>
  <testcase name="listApplications" classname="com.amazonaws.serverless.apprepo.api.impl.ApplicationsServiceTest" time="0.034"/>
  <testcase name="getApplication" classname="com.amazonaws.serverless.apprepo.api.impl.ApplicationsServiceTest" time="0.031"/>
  <testcase name="deleteApplication" classname="com.amazonaws.serverless.apprepo.api.impl.ApplicationsServiceTest" time="0.098"/>
  <testcase name="updateApplication_description" classname="com.amazonaws.serverless.apprepo.api.impl.ApplicationsServiceTest" time="0.024"/>
  <testcase name="createApplication_alreadyExist" classname="com.amazonaws.serverless.apprepo.api.impl.ApplicationsServiceTest" time="0.026"/>
</testsuite>